<?xml version="1.0" encoding="UTF-8" ?>
<testsuite 
errors="0" failures="0" hostname="pastel" name="org.scalatest.tools.DiscoverySuite" tests="0" time="0.016" timestamp="2016-10-23T14:05:21">
  <properties>
    <property name="java.runtime.name" value="Java(TM) SE Runtime Environment">
    </property>
    <property name="sun.boot.library.path" value="C:\development\Java\jre\bin">
    </property>
    <property name="java.vm.version" value="25.91-b14"> </property>
    <property name="java.vm.vendor" value="Oracle Corporation"> </property>
    <property name="java.vendor.url" value="http://java.oracle.com/">
    </property>
    <property name="path.separator" value=";"> </property>
    <property name="java.vm.name" value="Java HotSpot(TM) 64-Bit Server VM">
    </property>
    <property name="file.encoding.pkg" value="sun.io"> </property>
    <property name="user.script" value=""> </property>
    <property name="user.country" value="US"> </property>
    <property name="sun.java.launcher" value="SUN_STANDARD"> </property>
    <property name="sun.os.patch.level" value=""> </property>
    <property 
    name="java.vm.specification.name" value="Java Virtual Machine Specification">
</property>
    <property 
    name="user.dir" value="C:\Users\java-_000\toyprojects\WeatherData">
</property>
    <property name="java.runtime.version" value="1.8.0_91-b14"> </property>
    <property 
    name="java.awt.graphicsenv" value="sun.awt.Win32GraphicsEnvironment">
</property>
    <property 
    name="basedir" value="C:\Users\java-_000\toyprojects\WeatherData">
</property>
    <property 
    name="java.endorsed.dirs" value="C:\development\Java\jre\lib\endorsed">
</property>
    <property name="os.arch" value="amd64"> </property>
    <property 
    name="java.io.tmpdir" value="C:\Users\JAVA-_~1\AppData\Local\Temp\">
</property>
    <property name="line.separator" value=" "> </property>
    <property name="java.vm.specification.vendor" value="Oracle Corporation">
    </property>
    <property name="user.variant" value=""> </property>
    <property name="os.name" value="Windows 10"> </property>
    <property name="sun.jnu.encoding" value="Cp1252"> </property>
    <property 
    name="java.library.path" value="C:\development\Java\bin;C:\WINDOWS\Sun\Java\bin;C:\WINDOWS\system32;C:\WINDOWS;C:\Program Files (x86)\NVIDIA Corporation\PhysX\Common;C:\Program Files (x86)\Intel\iCLS Client\;C:\Program Files\Intel\iCLS Client\;C:\WINDOWS\system32;C:\WINDOWS;C:\WINDOWS\System32\Wbem;C:\WINDOWS\System32\WindowsPowerShell\v1.0\;C:\Program Files\Intel\Intel(R) Management Engine Components\DAL;C:\Program Files\Intel\Intel(R) Management Engine Components\IPT;C:\Program Files (x86)\Intel\Intel(R) Management Engine Components\DAL;C:\Program Files (x86)\Intel\Intel(R) Management Engine Components\IPT;C:\Program Files (x86)\Intel\OpenCL SDK\2.0\bin\x86;C:\Program Files (x86)\Intel\OpenCL SDK\2.0\bin\x64;C:\Program Files (x86)\Windows Live\Shared;C:\development\Java\bin;c:\development\apache-maven-3.3.9-bin\apache-maven-3.3.9\bin;C:\development\scala-2.11.6\bin;C:\Program Files\Git\cmd;C:\Users\java-_000\AppData\Local\Microsoft\WindowsApps;;.">
</property>
    <property 
    name="java.specification.name" value="Java Platform API Specification">
</property>
    <property name="java.class.version" value="52.0"> </property>
    <property 
    name="sun.management.compiler" value="HotSpot 64-Bit Tiered Compilers">
</property>
    <property name="os.version" value="10.0"> </property>
    <property name="user.home" value="C:\Users\java-_000"> </property>
    <property name="user.timezone" value=""> </property>
    <property name="java.awt.printerjob" value="sun.awt.windows.WPrinterJob">
    </property>
    <property name="file.encoding" value="Cp1252"> </property>
    <property name="java.specification.version" value="1.8"> </property>
    <property name="user.name" value="java-_000"> </property>
    <property 
    name="java.class.path" value="C:\Users\java-_000\toyprojects\WeatherData\target\test-classes;C:\Users\java-_000\toyprojects\WeatherData\target\classes;C:\Users\java-_000\.m2\repository\org\scala-lang\scala-library\2.11.5\scala-library-2.11.5.jar;C:\Users\java-_000\.m2\repository\org\scalatest\scalatest_2.11\2.2.4\scalatest_2.11-2.2.4.jar;C:\Users\java-_000\.m2\repository\org\scala-lang\scala-reflect\2.11.2\scala-reflect-2.11.2.jar;C:\Users\java-_000\.m2\repository\org\scala-lang\modules\scala-xml_2.11\1.0.2\scala-xml_2.11-1.0.2.jar;C:\Users\java-_000\.m2\repository\joda-time\joda-time\2.9.4\joda-time-2.9.4.jar;C:\Users\java-_000\.m2\repository\junit\junit\4.11\junit-4.11.jar;C:\Users\java-_000\.m2\repository\org\hamcrest\hamcrest-core\1.3\hamcrest-core-1.3.jar;C:\Users\java-_000\.m2\repository\org\specs2\specs2-core_2.11\2.4.16\specs2-core_2.11-2.4.16.jar;C:\Users\java-_000\.m2\repository\org\specs2\specs2-matcher_2.11\2.4.16\specs2-matcher_2.11-2.4.16.jar;C:\Users\java-_000\.m2\repository\org\specs2\specs2-common_2.11\2.4.16\specs2-common_2.11-2.4.16.jar;C:\Users\java-_000\.m2\repository\org\scalaz\scalaz-core_2.11\7.1.0\scalaz-core_2.11-7.1.0.jar;C:\Users\java-_000\.m2\repository\org\scala-lang\modules\scala-parser-combinators_2.11\1.0.2\scala-parser-combinators_2.11-1.0.2.jar;C:\Users\java-_000\.m2\repository\org\scalaz\scalaz-concurrent_2.11\7.1.0\scalaz-concurrent_2.11-7.1.0.jar;C:\Users\java-_000\.m2\repository\org\scalaz\scalaz-effect_2.11\7.1.0\scalaz-effect_2.11-7.1.0.jar">
</property>
    <property name="java.vm.specification.version" value="1.8"> </property>
    <property name="sun.arch.data.model" value="64"> </property>
    <property name="java.home" value="C:\development\Java\jre"> </property>
    <property 
    name="sun.java.command" value="org.scalatest.tools.Runner -R C:\Users\java-_000\toyprojects\WeatherData\target\classes C:\Users\java-_000\toyprojects\WeatherData\target\test-classes -o -fWDF C:\Users\java-_000\toyprojects\WeatherData\target\surefire-reports\TestSuite.txt -u C:\Users\java-_000\toyprojects\WeatherData\target\surefire-reports\.">
</property>
    <property name="java.specification.vendor" value="Oracle Corporation">
    </property>
    <property name="user.language" value="en"> </property>
    <property name="awt.toolkit" value="sun.awt.windows.WToolkit"> </property>
    <property name="java.vm.info" value="mixed mode"> </property>
    <property name="java.version" value="1.8.0_91"> </property>
    <property 
    name="java.ext.dirs" value="C:\development\Java\jre\lib\ext;C:\WINDOWS\Sun\Java\lib\ext">
</property>
    <property 
    name="sun.boot.class.path" value="C:\development\Java\jre\lib\resources.jar;C:\development\Java\jre\lib\rt.jar;C:\development\Java\jre\lib\sunrsasign.jar;C:\development\Java\jre\lib\jsse.jar;C:\development\Java\jre\lib\jce.jar;C:\development\Java\jre\lib\charsets.jar;C:\development\Java\jre\lib\jfr.jar;C:\development\Java\jre\classes">
</property>
    <property name="java.vendor" value="Oracle Corporation"> </property>
    <property name="file.separator" value="\"> </property>
    <property 
    name="java.vendor.url.bug" value="http://bugreport.sun.com/bugreport/">
</property>
    <property name="sun.cpu.endian" value="little"> </property>
    <property name="sun.io.unicode.encoding" value="UnicodeLittle"> </property>
    <property name="sun.desktop" value="windows"> </property>
    <property name="sun.cpu.isalist" value="amd64"> </property>
  </properties>
  <system-out><![CDATA[]]></system-out>
  <system-err><![CDATA[]]></system-err>
</testsuite>
